Build started 3/29/2016 5:14:15 PM.
     1>Project "D:\Git Repos\Assignment_4\Gain\Builds\VisualStudio2015\Gain.vcxproj" on node 2 (Build target(s)).
     1>ClCompile:
         D:\Programs\VC\bin\CL.exe /c /I"D:\Academics\Audio Software Engg\vstsdk2.4" /I..\..\JuceLibraryCode /I"..\..\..\..\..\Academics\Audio Software Engg\JUCE\modules" /ZI /nologo /W4 /WX- /MP /Od /Oy- /D _CRT_SECURE_NO_WARNINGS /D WIN32 /D _WINDOWS /D DEBUG /D _DEBUG /D JUCER_VS2015_78A5022=1 /D JUCE_APP_VERSION=1.0.0 /D JUCE_APP_VERSION_HEX=0x10000 /D _WINDLL /Gm- /EHsc /MDd /GS /fp:precise /Zc:wchar_t /Zc:forScope /Zc:inline /GR /Fo"Debug\\" /Fd"Debug\\vc140.pdb" /Gd /TP /analyze- /errorReport:prompt ..\..\Source\Vibrato.cpp ..\..\Source\PluginProcessor.cpp ..\..\Source\PluginEditor.cpp "..\..\..\..\..\Academics\Audio Software Engg\JUCE\modules\juce_audio_plugin_client\AAX\juce_AAX_Wrapper.cpp" "..\..\..\..\..\Academics\Audio Software Engg\JUCE\modules\juce_audio_basics\juce_audio_basics.cpp" "..\..\..\..\..\Academics\Audio Software Engg\JUCE\modules\juce_audio_devices\juce_audio_devices.cpp" "..\..\..\..\..\Academics\Audio Software Engg\JUCE\modules\juce_audio_formats\juce_audio_formats.cpp" "..\..\..\..\..\Academics\Audio Software Engg\JUCE\modules\juce_audio_processors\juce_audio_processors.cpp" "..\..\..\..\..\Academics\Audio Software Engg\JUCE\modules\juce_core\juce_core.cpp" "..\..\..\..\..\Academics\Audio Software Engg\JUCE\modules\juce_cryptography\juce_cryptography.cpp" "..\..\..\..\..\Academics\Audio Software Engg\JUCE\modules\juce_data_structures\juce_data_structures.cpp" "..\..\..\..\..\Academics\Audio Software Engg\JUCE\modules\juce_events\juce_events.cpp" "..\..\..\..\..\Academics\Audio Software Engg\JUCE\modules\juce_graphics\juce_graphics.cpp" "..\..\..\..\..\Academics\Audio Software Engg\JUCE\modules\juce_gui_basics\juce_gui_basics.cpp" "..\..\..\..\..\Academics\Audio Software Engg\JUCE\modules\juce_gui_extra\juce_gui_extra.cpp" "..\..\..\..\..\Academics\Audio Software Engg\JUCE\modules\juce_opengl\juce_opengl.cpp" "..\..\..\..\..\Academics\Audio Software Engg\JUCE\modules\juce_audio_plugin_client\utility\juce_PluginUtilities.cpp" "..\..\..\..\..\Academics\Audio Software Engg\JUCE\modules\juce_video\juce_video.cpp" "..\..\..\..\..\Academics\Audio Software Engg\JUCE\modules\juce_audio_plugin_client\VST\juce_VST_Wrapper.cpp" "..\..\..\..\..\Academics\Audio Software Engg\JUCE\modules\juce_audio_plugin_client\VST3\juce_VST3_Wrapper.cpp"
         Vibrato.cpp
         PluginProcessor.cpp
         PluginEditor.cpp
         juce_AAX_Wrapper.cpp
         juce_audio_basics.cpp
         juce_audio_devices.cpp
         juce_audio_formats.cpp
         juce_audio_processors.cpp
         juce_core.cpp
         juce_cryptography.cpp
         juce_data_structures.cpp
     1>d:\git repos\assignment_4\gain\source\pluginprocessor.cpp(29): warning C4305: 'argument': truncation from 'double' to 'float'
     1>d:\git repos\assignment_4\gain\source\plugineditor.cpp(79): warning C4244: 'initializing': conversion from 'double' to 'float', possible loss of data
     1>d:\git repos\assignment_4\gain\source\plugineditor.cpp(84): warning C4244: 'initializing': conversion from 'double' to 'float', possible loss of data
     1>d:\git repos\assignment_4\gain\source\pluginprocessor.cpp(78): warning C4100: 'index': unreferenced formal parameter
     1>d:\git repos\assignment_4\gain\source\pluginprocessor.cpp(82): warning C4100: 'index': unreferenced formal parameter
     1>d:\git repos\assignment_4\gain\source\pluginprocessor.cpp(87): warning C4100: 'newName': unreferenced formal parameter
     1>d:\git repos\assignment_4\gain\source\pluginprocessor.cpp(87): warning C4100: 'index': unreferenced formal parameter
     1>d:\git repos\assignment_4\gain\source\pluginprocessor.cpp(106): warning C4244: 'argument': conversion from 'double' to 'float', possible loss of data
     1>d:\git repos\assignment_4\gain\source\pluginprocessor.cpp(106): warning C4305: 'argument': truncation from 'double' to 'float'
     1>d:\git repos\assignment_4\gain\source\pluginprocessor.cpp(92): warning C4100: 'samplesPerBlock': unreferenced formal parameter
     1>d:\git repos\assignment_4\gain\source\pluginprocessor.cpp(129): warning C4100: 'midiMessages': unreferenced formal parameter
     1>d:\git repos\assignment_4\gain\source\pluginprocessor.cpp(135): warning C4100: 'midiMessages': unreferenced formal parameter
     1>d:\git repos\assignment_4\gain\source\pluginprocessor.cpp(135): warning C4100: 'buffer': unreferenced formal parameter
     1>d:\git repos\assignment_4\gain\source\pluginprocessor.cpp(152): warning C4100: 'destData': unreferenced formal parameter
     1>d:\git repos\assignment_4\gain\source\pluginprocessor.cpp(159): warning C4100: 'sizeInBytes': unreferenced formal parameter
     1>d:\git repos\assignment_4\gain\source\pluginprocessor.cpp(159): warning C4100: 'data': unreferenced formal parameter
     1>d:\git repos\assignment_4\gain\source\pluginprocessor.cpp(169): warning C4244: 'initializing': conversion from 'double' to 'float', possible loss of data
     1>d:\git repos\assignment_4\gain\source\pluginprocessor.cpp(175): warning C4244: 'initializing': conversion from 'double' to 'float', possible loss of data
     1>d:\git repos\assignment_4\gain\source\pluginprocessor.cpp(190): warning C4244: '=': conversion from 'double' to 'float', possible loss of data
     1>d:\git repos\assignment_4\gain\source\pluginprocessor.cpp(196): warning C4244: '=': conversion from 'double' to 'float', possible loss of data
         juce_events.cpp
         juce_graphics.cpp
         juce_gui_basics.cpp
         juce_gui_extra.cpp
     1>d:\git repos\assignment_4\gain\source\pluginprocessor.cpp(203): warning C4715: 'NewProjectAudioProcessor::getParameter': not all control paths return a value
         juce_opengl.cpp
         juce_PluginUtilities.cpp
         juce_video.cpp
         juce_VST_Wrapper.cpp
         juce_VST3_Wrapper.cpp
         D:\Programs\VC\bin\CL.exe /c /I"D:\Academics\Audio Software Engg\vstsdk2.4" /I..\..\JuceLibraryCode /I"..\..\..\..\..\Academics\Audio Software Engg\JUCE\modules" /ZI /nologo /W4 /WX- /MP /Od /Oy- /D _CRT_SECURE_NO_WARNINGS /D WIN32 /D _WINDOWS /D DEBUG /D _DEBUG /D JUCER_VS2015_78A5022=1 /D JUCE_APP_VERSION=1.0.0 /D JUCE_APP_VERSION_HEX=0x10000 /D _WINDLL /Gm- /EHsc /MDd /GS /fp:precise /Zc:wchar_t /Zc:forScope /Zc:inline /GR /Fo"Debug\\" /Fd"Debug\\vc140.pdb" /Gz /TP /analyze- /errorReport:prompt "..\..\..\..\..\Academics\Audio Software Engg\JUCE\modules\juce_audio_plugin_client\RTAS\juce_RTAS_DigiCode1.cpp" "..\..\..\..\..\Academics\Audio Software Engg\JUCE\modules\juce_audio_plugin_client\RTAS\juce_RTAS_DigiCode2.cpp" "..\..\..\..\..\Academics\Audio Software Engg\JUCE\modules\juce_audio_plugin_client\RTAS\juce_RTAS_DigiCode3.cpp" "..\..\..\..\..\Academics\Audio Software Engg\JUCE\modules\juce_audio_plugin_client\RTAS\juce_RTAS_WinUtilities.cpp" "..\..\..\..\..\Academics\Audio Software Engg\JUCE\modules\juce_audio_plugin_client\RTAS\juce_RTAS_Wrapper.cpp"
         juce_RTAS_DigiCode1.cpp
         juce_RTAS_DigiCode2.cpp
         juce_RTAS_DigiCode3.cpp
         juce_RTAS_WinUtilities.cpp
         juce_RTAS_Wrapper.cpp
       ResourceCompile:
         C:\Program Files (x86)\Windows Kits\8.1\bin\x86\rc.exe /D _DEBUG /l"0x0409" /nologo /fo"Debug\resources.res" .\resources.rc 
       Link:
         D:\Programs\VC\bin\link.exe /ERRORREPORT:PROMPT /OUT:"D:\Git Repos\Assignment_4\Gain\Builds\VisualStudio2015\Debug\\NewProject.dll" /NOLOGO kernel32.lib user32.lib gdi32.lib winspool.lib comdlg32.lib advapi32.lib shell32.lib ole32.lib oleaut32.lib uuid.lib odbc32.lib odbccp32.lib /NODEFAULTLIB:libcmt.lib /NODEFAULTLIB:msvcrt.lib /MANIFEST /MANIFESTUAC:"level='asInvoker' uiAccess='false'" /manifest:embed /Debug /PDB:"Debug\\NewProject.pdb" /SUBSYSTEM:WINDOWS /LARGEADDRESSAWARE /TLBID:1 /DYNAMICBASE /NXCOMPAT /IMPLIB:"D:\Git Repos\Assignment_4\Gain\Builds\VisualStudio2015\Debug\NewProject.lib" /MACHINE:X86 /SAFESEH:NO /DLL Debug\resources.res
         Debug\\Vibrato.obj
         Debug\\PluginProcessor.obj
         Debug\\PluginEditor.obj
         Debug\\juce_AAX_Wrapper.obj
         Debug\\juce_audio_basics.obj
         Debug\\juce_audio_devices.obj
         Debug\\juce_audio_formats.obj
         Debug\\juce_audio_processors.obj
         Debug\\juce_core.obj
         Debug\\juce_cryptography.obj
         Debug\\juce_data_structures.obj
         Debug\\juce_events.obj
         Debug\\juce_graphics.obj
         Debug\\juce_gui_basics.obj
         Debug\\juce_gui_extra.obj
         Debug\\juce_opengl.obj
         Debug\\juce_PluginUtilities.obj
         Debug\\juce_RTAS_DigiCode1.obj
         Debug\\juce_RTAS_DigiCode2.obj
         Debug\\juce_RTAS_DigiCode3.obj
         Debug\\juce_RTAS_WinUtilities.obj
         Debug\\juce_RTAS_Wrapper.obj
         Debug\\juce_video.obj
         Debug\\juce_VST_Wrapper.obj
         Debug\\juce_VST3_Wrapper.obj
            Creating library D:\Git Repos\Assignment_4\Gain\Builds\VisualStudio2015\Debug\NewProject.lib and object D:\Git Repos\Assignment_4\Gain\Builds\VisualStudio2015\Debug\NewProject.exp
         Gain.vcxproj -> D:\Git Repos\Assignment_4\Gain\Builds\VisualStudio2015\Debug\NewProject.dll
     1>Done Building Project "D:\Git Repos\Assignment_4\Gain\Builds\VisualStudio2015\Gain.vcxproj" (Build target(s)).

Build succeeded.

Time Elapsed 00:00:16.45
